2023-08-08 11:11:23,648 - INFO - Requesting weather data for kalyan - Response code: 200
2023-08-08 11:11:25,276 - INFO - Requesting weather data for new york - Response code: 200
2023-08-08 11:12:11,379 - INFO - Requesting weather data for kalyan - Response code: 200
2023-08-08 11:12:12,601 - INFO - Requesting weather data for new york - Response code: 200
2023-08-08 11:16:22,228 - INFO - Requesting weather data for kalyan - Response code: 200
2023-08-08 11:16:23,349 - INFO - Requesting weather data for new york - Response code: 200
2023-08-08 11:16:35,333 - INFO - Requesting weather data for kalyan - Response code: 400
2023-08-08 11:16:35,333 - ERROR - Error fetching weather data for kalyan: 400, {"error":{"code":1005,"message":"API URL is invalid."}}
2023-08-08 11:16:36,254 - INFO - Requesting weather data for new york - Response code: 400
2023-08-08 11:16:36,254 - ERROR - Error fetching weather data for new york: 400, {"error":{"code":1005,"message":"API URL is invalid."}}
2023-08-08 11:19:22,331 - INFO - Requesting weather data for kalyan - Response code: 200
2023-08-08 11:19:23,457 - INFO - Requesting weather data for new york - Response code: 200
2023-08-08 11:19:53,358 - INFO - Requesting weather data for mumbai - Response code: 200
2023-08-08 11:19:54,387 - INFO - Requesting weather data for new york - Response code: 200
2023-08-08 11:22:46,122 - INFO - Requesting weather data for mumbai - Response code: 200
2023-08-08 11:22:46,531 - INFO - Requesting weather data for new york - Response code: 200
2023-08-08 11:27:51,112 - INFO - Requesting weather data for mumbai - Response code: 200
2023-08-08 11:27:52,349 - INFO - Requesting weather data for new york - Response code: 200
2023-08-08 13:42:26,074 - INFO - Requesting weather data for mumbai - Response code: 200
2023-08-08 13:42:26,894 - INFO - Requesting weather data for new york - Response code: 200
2023-08-09 11:01:06,253 - INFO - Requesting weather data for mumbai - Response code: 200
2023-08-09 11:01:06,676 - INFO - Requesting weather data for new york - Response code: 200
2023-08-09 11:01:35,739 - INFO - Requesting weather data for mumbai - Response code: 200
2023-08-09 11:01:59,393 - INFO - Requesting weather data for mumbai - Response code: 200
2023-08-09 11:01:59,598 - INFO - Requesting weather data for new york - Response code: 200
2023-08-09 11:02:47,837 - INFO - Requesting weather data for mumbai - Response code: 200
2023-08-09 11:02:48,135 - INFO - Requesting weather data for new york - Response code: 200
2023-08-09 11:02:58,817 - INFO - Requesting weather data for mumbai - Response code: 200
2023-08-09 11:02:59,407 - INFO - Requesting weather data for new york - Response code: 200
2023-08-09 11:03:38,418 - INFO - Requesting weather data for mumbai - Response code: 200
2023-08-09 11:03:38,627 - INFO - Requesting weather data for new york - Response code: 200
2023-08-09 11:04:30,533 - INFO - Requesting weather data for mumbai - Response code: 200
2023-08-09 11:04:31,356 - INFO - Requesting weather data for new york - Response code: 200
2023-08-09 11:04:45,588 - INFO - Requesting weather data for mumbai - Response code: 200
2023-08-09 11:04:45,793 - INFO - Requesting weather data for new york - Response code: 200
2023-08-09 11:28:25,394 - INFO - Requesting weather data for mumbai - Response code: 200
2023-08-09 11:28:26,420 - INFO - Requesting weather data for new york - Response code: 200
2023-08-09 11:29:42,176 - INFO - Requesting weather data for mumbai - Response code: 200
2023-08-09 11:29:45,061 - INFO - Requesting weather data for new york - Response code: 200
2023-08-09 12:04:02,313 - INFO - Requesting weather data for mumbai - Response code: 200
2023-08-09 12:04:03,031 - INFO - Requesting weather data for new york - Response code: 200
2023-08-09 12:05:39,285 - INFO - Requesting weather data for mumbai - Response code: 200
2023-08-09 12:05:39,497 - INFO - Requesting weather data for new york - Response code: 200
2023-08-09 12:06:45,748 - INFO - Requesting weather data for mumbai - Response code: 200
2023-08-09 12:06:45,953 - INFO - Requesting weather data for new york - Response code: 200
2023-08-09 12:31:36,866 - INFO - Requesting weather data for mumbai - Response code: 200
2023-08-09 12:31:38,802 - INFO - Requesting weather data for new york - Response code: 200
2023-08-09 12:31:47,305 - INFO - Requesting weather data for mumbai - Response code: 200
2023-08-09 12:31:47,508 - INFO - Requesting weather data for new york - Response code: 200
2023-08-09 15:36:36,793 - INFO - Requesting weather data for mumbai - Response code: 200
2023-08-09 15:36:37,516 - INFO - Requesting weather data for new york - Response code: 200
2023-08-10 10:40:15,219 - INFO - Requesting weather data for mumbai - Response code: 200
2023-08-10 10:40:15,935 - INFO - Requesting weather data for new york - Response code: 200
2023-08-10 10:40:49,517 - INFO - Requesting weather data for mumbai - Response code: 200
2023-08-10 10:40:49,823 - INFO - Requesting weather data for new york - Response code: 200
2023-08-10 11:26:05,320 - INFO - Requesting weather data for mumbai - Response code: 200
2023-08-10 11:26:06,238 - INFO - Requesting weather data for new york - Response code: 200
2023-08-10 11:29:06,871 - INFO - Requesting weather data for mumbai - Response code: 200
2023-08-10 11:29:07,386 - INFO - Requesting weather data for new - Response code: 200
2023-08-10 11:29:07,998 - INFO - Requesting weather data for york - Response code: 200
2023-08-10 11:35:38,672 - INFO - Requesting weather data for mumbai - Response code: 200
2023-08-10 11:35:39,492 - INFO - Requesting weather data for new york - Response code: 200
